<?xml version="1.0" encoding="UTF-8"?>
<!-- Generated by org.testng.reporters.JUnitReportReporter -->
<testsuite skipped="0" hostname="DESKTOP-2TMQMFN" name="testcases.ExcuteTest" tests="1" failures="0" timestamp="30 Dec 2018 16:17:19 GMT" time="22.022" errors="0">
  <testcase name="executeTest" time="22.022" classname="testcases.ExcuteTest"/>
</testsuite> <!-- testcases.ExcuteTest -->
